<?xml version="1.0" encoding="UTF-8"?>
<!-- Generated by org.testng.reporters.JUnitReportReporter -->
<testsuite skipped="0" hostname="DESKTOP-9BCP2PV" name="com.neotech.lesoon02.EnableAndDisable" tests="2" failures="0" timestamp="31 Jan 2023 07:51:50 GMT" time="0.015" errors="0">
  <testcase name="fourthTest" time="0.000" classname="com.neotech.lesoon02.EnableAndDisable"/>
  <testcase name="thirdTest" time="0.015" classname="com.neotech.lesoon02.EnableAndDisable"/>
</testsuite> <!-- com.neotech.lesoon02.EnableAndDisable -->
