<?xml version="1.0" encoding="UTF-8"?>
<!-- Generated by org.testng.reporters.JUnitReportReporter -->
<testsuite skipped="0" hostname="DESKTOP-9BCP2PV" name="com.neotech.lesoon02.PrioityDemo" tests="4" failures="0" timestamp="31 Jan 2023 05:39:05 GMT" time="0.016" errors="0">
  <testcase name="fourthTest" time="0.000" classname="com.neotech.lesoon02.PrioityDemo"/>
  <testcase name="secondTest" time="0.000" classname="com.neotech.lesoon02.PrioityDemo"/>
  <testcase name="thirdTest" time="0.000" classname="com.neotech.lesoon02.PrioityDemo"/>
  <testcase name="firstTest" time="0.016" classname="com.neotech.lesoon02.PrioityDemo"/>
</testsuite> <!-- com.neotech.lesoon02.PrioityDemo -->
